Tapp-Adjust/build/intermediates/manifest_merge_blame_file/debug/processDebugManifest/manifest-merger-blame-debug-report.txt
1<?xml version="1.0" encoding="utf-8"?>
2<manifest xmlns:android="http://schemas.android.com/apk/res/android"
3    package="com.tapp.adjust" >
4
5    <uses-sdk android:minSdkVersion="24" />
6
7    <application>
7-->src/main/AndroidManifest.xml:3:5-8:19
8        <provider
8-->src/main/AndroidManifest.xml:4:9-7:40
9            android:name="com.example.tapp.services.affiliate.adjust.AdjustServiceRegistrar"
9-->src/main/AndroidManifest.xml:5:13-93
10            android:authorities="${applicationId}.TappAdjustRegistrar"
10-->src/main/AndroidManifest.xml:6:13-71
11            android:exported="false" />
11-->src/main/AndroidManifest.xml:7:13-37
12    </application>
13
14</manifest>